#
# There is insufficient memory for the Java Runtime Environment to continue.
# Native memory allocation (malloc) failed to allocate 1362256 bytes for Chunk::new
# Possible reasons:
#   The system is out of physical RAM or swap space
#   In 32 bit mode, the process size limit was hit
# Possible solutions:
#   Reduce memory load on the system
#   Increase physical memory or swap space
#   Check if swap backing store is full
#   Use 64 bit Java on a 64 bit OS
#   Decrease Java heap size (-Xmx/-Xms)
#   Decrease number of Java threads
#   Decrease Java thread stack sizes (-Xss)
#   Set larger code cache with -XX:ReservedCodeCacheSize=
# This output file may be truncated or incomplete.
#
#  Out of Memory Error (allocation.cpp:390), pid=26156, tid=6472
#
# JRE version: Java(TM) SE Runtime Environment (8.0_60-b27) (build 1.8.0_60-b27)
# Java VM: Java HotSpot(TM) 64-Bit Server VM (25.60-b23 mixed mode windows-amd64 compressed oops)
# Failed to write core dump. Minidumps are not enabled by default on client versions of Windows
#

---------------  T H R E A D  ---------------

Current thread (0x0000000016f3d800):  JavaThread "C2 CompilerThread2" daemon [_thread_in_native, id=6472, stack(0x0000000017710000,0x0000000017810000)]

Stack: [0x0000000017710000,0x0000000017810000]
[error occurred during error reporting (printing stack bounds), id 0xc0000005]

Native frames: (J=compiled Java code, j=interpreted, Vv=VM code, C=native code)


Current CompileTask:
C2:   9610 2160   !   4       com.android.dx.cf.code.Ropper::processBlock (1101 bytes)


---------------  P R O C E S S  ---------------

Java Threads: ( => current thread )
  0x0000000016f63800 JavaThread "Service Thread" daemon [_thread_blocked, id=26428, stack(0x0000000017910000,0x0000000017a10000)]
  0x0000000016f44000 JavaThread "C1 CompilerThread3" daemon [_thread_blocked, id=26868, stack(0x0000000017810000,0x0000000017910000)]
=>0x0000000016f3d800 JavaThread "C2 CompilerThread2" daemon [_thread_in_native, id=6472, stack(0x0000000017710000,0x0000000017810000)]
  0x0000000016f3c800 JavaThread "C2 CompilerThread1" daemon [_thread_blocked, id=13220, stack(0x0000000017610000,0x0000000017710000)]
  0x0000000016f37000 JavaThread "C2 CompilerThread0" daemon [_thread_in_native, id=21452, stack(0x0000000017510000,0x0000000017610000)]
  0x0000000016f35800 JavaThread "Attach Listener" daemon [_thread_blocked, id=21848, stack(0x0000000017410000,0x0000000017510000)]
  0x0000000016f34800 JavaThread "Signal Dispatcher" daemon [_thread_blocked, id=22868, stack(0x0000000017310000,0x0000000017410000)]
  0x00000000022f3800 JavaThread "Finalizer" daemon [_thread_blocked, id=14536, stack(0x0000000016d30000,0x0000000016e30000)]
  0x0000000014e3d000 JavaThread "Reference Handler" daemon [_thread_blocked, id=7128, stack(0x0000000016c30000,0x0000000016d30000)]
  0x000000000208d800 JavaThread "main" [_thread_in_Java, id=24632, stack(0x0000000002100000,0x0000000002200000)]

Other Threads:
  0x0000000014e38800 VMThread [stack: 0x0000000016b30000,0x0000000016c30000] [id=2872]
  0x0000000016ff4800 WatcherThread [stack: 0x0000000017a10000,0x0000000017b10000] [id=23640]

VM state:not at safepoint (normal execution)

VM Mutex/Monitor currently owned by a thread: None

Heap:
 PSYoungGen      total 141824K, used 75397K [0x00000000eab00000, 0x00000000fc000000, 0x0000000100000000)
  eden space 131072K, 49% used [0x00000000eab00000,0x00000000eea21f38,0x00000000f2b00000)
  from space 10752K, 99% used [0x00000000f2b00000,0x00000000f357f7c0,0x00000000f3580000)
  to   space 10752K, 0% used [0x00000000fb580000,0x00000000fb580000,0x00000000fc000000)
 ParOldGen       total 175104K, used 27201K [0x00000000c0000000, 0x00000000cab00000, 0x00000000eab00000)
  object space 175104K, 15% used [0x00000000c0000000,0x00000000c1a906d0,0x00000000cab00000)
 Metaspace       used 6524K, capacity 7256K, committed 7424K, reserved 1056768K
  class space    used 629K, capacity 656K, committed 768K, reserved 1048576K

Card table byte_map: [0x00000000116c0000,0x00000000118d0000] byte_map_base: 0x00000000110c0000

Marking Bits: (ParMarkBitMap*) 0x000000007545a5b0
 Begin Bits: [0x0000000012230000, 0x0000000013230000)
 End Bits:   [0x0000000013230000, 0x0000000014230000)

Polling page: 0x0000000002060000

CodeCache: size=245760Kb used=10844Kb max_used=10855Kb free=234915Kb
 bounds [0x0000000002300000, 0x0000000002db0000, 0x0000000011300000]
 total_blobs=2413 nmethods=2144 adapters=182
 compilation: enabled

Compilation events (10 events):
Event: 9.544 Thread 0x0000000016f3c800 2204       4       com.android.dx.rop.cst.CstString::hashCode (8 bytes)
Event: 9.548 Thread 0x0000000016f3c800 nmethod 2204 0x0000000002d95910 code [0x0000000002d95a40, 0x0000000002d95bb8]
Event: 9.548 Thread 0x0000000016f3c800 2228  s    4       com.android.dx.dex.file.MethodIdsSection::intern (55 bytes)
Event: 9.601 Thread 0x0000000016f3c800 nmethod 2228 0x0000000002da10d0 code [0x0000000002da12a0, 0x0000000002da2168]
Event: 9.604 Thread 0x0000000016f44000 2231       3       com.android.dx.dex.file.EncodedField::addContents (15 bytes)
Event: 9.604 Thread 0x0000000016f44000 nmethod 2231 0x0000000002da0bd0 code [0x0000000002da0d40, 0x0000000002da0fe8]
Event: 9.605 Thread 0x0000000016f44000 2232       3       java.util.Collections::sort (8 bytes)
Event: 9.605 Thread 0x0000000016f44000 nmethod 2232 0x0000000002da0790 code [0x0000000002da0900, 0x0000000002da0b08]
Event: 9.605 Thread 0x0000000016f44000 2233       3       java.util.ComparableTimSort::sort (219 bytes)
Event: 9.605 Thread 0x0000000016f3c800 2234       4       com.android.dx.rop.cst.Constant::compareTo (33 bytes)

GC Heap History (6 events):
Event: 3.090 GC heap before
{Heap before GC invocations=1 (full 0):
 PSYoungGen      total 76288K, used 65536K [0x00000000eab00000, 0x00000000f0000000, 0x0000000100000000)
  eden space 65536K, 100% used [0x00000000eab00000,0x00000000eeb00000,0x00000000eeb00000)
  from space 10752K, 0% used [0x00000000ef580000,0x00000000ef580000,0x00000000f0000000)
  to   space 10752K, 0% used [0x00000000eeb00000,0x00000000eeb00000,0x00000000ef580000)
 ParOldGen       total 175104K, used 0K [0x00000000c0000000, 0x00000000cab00000, 0x00000000eab00000)
  object space 175104K, 0% used [0x00000000c0000000,0x00000000c0000000,0x00000000cab00000)
 Metaspace       used 6152K, capacity 7024K, committed 7296K, reserved 1056768K
  class space    used 602K, capacity 616K, committed 640K, reserved 1048576K
Event: 3.159 GC heap after
Heap after GC invocations=1 (full 0):
 PSYoungGen      total 76288K, used 10316K [0x00000000eab00000, 0x00000000f4000000, 0x0000000100000000)
  eden space 65536K, 0% used [0x00000000eab00000,0x00000000eab00000,0x00000000eeb00000)
  from space 10752K, 95% used [0x00000000eeb00000,0x00000000ef513058,0x00000000ef580000)
  to   space 10752K, 0% used [0x00000000f3580000,0x00000000f3580000,0x00000000f4000000)
 ParOldGen       total 175104K, used 16K [0x00000000c0000000, 0x00000000cab00000, 0x00000000eab00000)
  object space 175104K, 0% used [0x00000000c0000000,0x00000000c0004000,0x00000000cab00000)
 Metaspace       used 6152K, capacity 7024K, committed 7296K, reserved 1056768K
  class space    used 602K, capacity 616K, committed 640K, reserved 1048576K
}
Event: 5.073 GC heap before
{Heap before GC invocations=2 (full 0):
 PSYoungGen      total 76288K, used 75852K [0x00000000eab00000, 0x00000000f4000000, 0x0000000100000000)
  eden space 65536K, 100% used [0x00000000eab00000,0x00000000eeb00000,0x00000000eeb00000)
  from space 10752K, 95% used [0x00000000eeb00000,0x00000000ef513058,0x00000000ef580000)
  to   space 10752K, 0% used [0x00000000f3580000,0x00000000f3580000,0x00000000f4000000)
 ParOldGen       total 175104K, used 16K [0x00000000c0000000, 0x00000000cab00000, 0x00000000eab00000)
  object space 175104K, 0% used [0x00000000c0000000,0x00000000c0004000,0x00000000cab00000)
 Metaspace       used 6272K, capacity 7152K, committed 7296K, reserved 1056768K
  class space    used 603K, capacity 616K, committed 640K, reserved 1048576K
Event: 5.184 GC heap after
Heap after GC invocations=2 (full 0):
 PSYoungGen      total 141824K, used 10732K [0x00000000eab00000, 0x00000000f4000000, 0x0000000100000000)
  eden space 131072K, 0% used [0x00000000eab00000,0x00000000eab00000,0x00000000f2b00000)
  from space 10752K, 99% used [0x00000000f3580000,0x00000000f3ffb2c8,0x00000000f4000000)
  to   space 10752K, 0% used [0x00000000f2b00000,0x00000000f2b00000,0x00000000f3580000)
 ParOldGen       total 175104K, used 7505K [0x00000000c0000000, 0x00000000cab00000, 0x00000000eab00000)
  object space 175104K, 4% used [0x00000000c0000000,0x00000000c07545f0,0x00000000cab00000)
 Metaspace       used 6272K, capacity 7152K, committed 7296K, reserved 1056768K
  class space    used 603K, capacity 616K, committed 640K, reserved 1048576K
}
Event: 8.602 GC heap before
{Heap before GC invocations=3 (full 0):
 PSYoungGen      total 141824K, used 141804K [0x00000000eab00000, 0x00000000f4000000, 0x0000000100000000)
  eden space 131072K, 100% used [0x00000000eab00000,0x00000000f2b00000,0x00000000f2b00000)
  from space 10752K, 99% used [0x00000000f3580000,0x00000000f3ffb2c8,0x00000000f4000000)
  to   space 10752K, 0% used [0x00000000f2b00000,0x00000000f2b00000,0x00000000f3580000)
 ParOldGen       total 175104K, used 7505K [0x00000000c0000000, 0x00000000cab00000, 0x00000000eab00000)
  object space 175104K, 4% used [0x00000000c0000000,0x00000000c07545f0,0x00000000cab00000)
 Metaspace       used 6447K, capacity 7192K, committed 7424K, reserved 1056768K
  class space    used 624K, capacity 656K, committed 768K, reserved 1048576K
Event: 8.781 GC heap after
Heap after GC invocations=3 (full 0):
 PSYoungGen      total 141824K, used 10749K [0x00000000eab00000, 0x00000000fc000000, 0x0000000100000000)
  eden space 131072K, 0% used [0x00000000eab00000,0x00000000eab00000,0x00000000f2b00000)
  from space 10752K, 99% used [0x00000000f2b00000,0x00000000f357f7c0,0x00000000f3580000)
  to   space 10752K, 0% used [0x00000000fb580000,0x00000000fb580000,0x00000000fc000000)
 ParOldGen       total 175104K, used 27201K [0x00000000c0000000, 0x00000000cab00000, 0x00000000eab00000)
  object space 175104K, 15% used [0x00000000c0000000,0x00000000c1a906d0,0x00000000cab00000)
 Metaspace       used 6447K, capacity 7192K, committed 7424K, reserved 1056768K
  class space    used 624K, capacity 656K, committed 768K, reserved 1048576K
}

Deoptimization events (10 events):
Event: 8.867 Thread 0x0000000017215800 Uncommon trap: reason=unstable_if action=reinterpret pc=0x0000000002bcc5b8 method=com.android.dx.ssa.SCCP.replaceBranches()V @ 14
Event: 8.878 Thread 0x0000000017215800 Uncommon trap: reason=unstable_if action=reinterpret pc=0x0000000002c876cc method=com.android.dx.cf.code.ByteCatchList.listFor(I)Lcom/android/dx/cf/code/ByteCatchList; @ 47
Event: 8.915 Thread 0x00000000172db800 Uncommon trap: reason=unstable_if action=reinterpret pc=0x0000000002cf1058 method=com.android.dx.ssa.PhiTypeResolver.equalsHandlesNulls(Lcom/android/dx/rop/code/LocalItem;Lcom/android/dx/rop/code/LocalItem;)Z @ 14
Event: 8.967 Thread 0x00000000172db800 Uncommon trap: reason=unstable_if action=reinterpret pc=0x000000000296de7c method=com.android.dx.rop.cst.CstNat.equals(Ljava/lang/Object;)Z @ 25
Event: 9.095 Thread 0x0000000017210000 Uncommon trap: reason=bimorphic action=maybe_recompile pc=0x000000000289ce4c method=com.android.dx.ssa.LiteralOpUpgrader.tryReplacingWithConstant(Lcom/android/dx/ssa/NormalSsaInsn;)Z @ 62
Event: 9.524 Thread 0x000000000208d800 Uncommon trap: reason=class_check action=maybe_recompile pc=0x0000000002792ac8 method=java.util.Arrays.hashCode([Ljava/lang/Object;)I @ 43
Event: 9.524 Thread 0x000000000208d800 Uncommon trap: reason=class_check action=maybe_recompile pc=0x0000000002792ac8 method=java.util.Arrays.hashCode([Ljava/lang/Object;)I @ 43
Event: 9.524 Thread 0x000000000208d800 Uncommon trap: reason=class_check action=maybe_recompile pc=0x0000000002792ac8 method=java.util.Arrays.hashCode([Ljava/lang/Object;)I @ 43
Event: 9.524 Thread 0x000000000208d800 Uncommon trap: reason=class_check action=maybe_recompile pc=0x0000000002792ac8 method=java.util.Arrays.hashCode([Ljava/lang/Object;)I @ 43
Event: 9.524 Thread 0x000000000208d800 Uncommon trap: reason=class_check action=maybe_recompile pc=0x0000000002741334 method=java.util.Arrays.hashCode([Ljava/lang/Object;)I @ 43

Internal exceptions (5 events):
Event: 0.077 Thread 0x000000000208d800 Exception <a 'java/lang/NoSuchMethodError': Method sun.misc.Unsafe.defineClass(Ljava/lang/String;[BII)Ljava/lang/Class; name or signature does not match> (0x00000000eab0d410) thrown at [C:\re\workspace\8-2-build-windows-amd64-cygwin\jdk8u60\4407\hotspot\srÃzêπŸ†≥?
Event: 0.077 Thread 0x000000000208d800 Exception <a 'java/lang/NoSuchMethodError': Method sun.misc.Unsafe.prefetchRead(Ljava/lang/Object;J)V name or signature does not match> (0x00000000eab0d6f8) thrown at [C:\re\workspace\8-2-build-windows-amd64-cygwin\jdk8u60\4407\hotspot\src\share\vm\prims\j¨|üQ@
Event: 6.579 Thread 0x0000000017210000 Exception <a 'java/lang/ArrayIndexOutOfBoundsException': 18> (0x00000000ed191160) thrown at [C:\re\workspace\8-2-build-windows-amd64-cygwin\jdk8u60\4407\hotspot\src\share\vm\interpreter\interpreterRuntime.cpp, line 366]
Event: 6.581 Thread 0x0000000017210000 Exception <a 'java/lang/ArrayIndexOutOfBoundsException'> (0x00000000ed192ce0) thrown at [C:\re\workspace\8-2-build-windows-amd64-cygwin\jdk8u60\4407\hotspot\src\share\vm\runtime\sharedRuntime.cpp, line 605]
Event: 6.582 Thread 0x0000000017210000 Exception <a 'java/lang/ArrayIndexOutOfBoundsException'> (0x00000000ed193fc8) thrown at [C:\re\workspace\8-2-build-windows-amd64-cygwin\jdk8u60\4407\hotspot\src\share\vm\runtime\sharedRuntime.cpp, line 605]

Events (10 events):
Event: 9.524 Thread 0x000000000208d800 DEOPT PACKING pc=0x0000000002792ac8 sp=0x00000000021fefc0
Event: 9.524 Thread 0x000000000208d800 DEOPT UNPACKING pc=0x000000000234582a sp=0x00000000021feef0 mode 2
Event: 9.524 Thread 0x000000000208d800 Uncommon trap: trap_request=0xffffffde fr.pc=0x0000000002792ac8
Event: 9.524 Thread 0x000000000208d800 DEOPT PACKING pc=0x0000000002792ac8 sp=0x00000000021fefd0
Event: 9.524 Thread 0x000000000208d800 DEOPT UNPACKING pc=0x000000000234582a sp=0x00000000021fef00 mode 2
Event: 9.524 Thread 0x000000000208d800 Uncommon trap: trap_request=0xffffffde fr.pc=0x0000000002741334
Event: 9.524 Thread 0x000000000208d800 DEOPT PACKING pc=0x0000000002741334 sp=0x00000000021fef60
Event: 9.524 Thread 0x000000000208d800 DEOPT UNPACKING pc=0x000000000234582a sp=0x00000000021feee8 mode 2
Event: 9.527 loading class com/android/dx/rop/cst/Zeroes
Event: 9.527 loading class com/android/dx/rop/cst/Zeroes done


Dynamic libraries:
0x00007ff63d0c0000 - 0x00007ff63d0f7000 	C:\Program Files\Java\jdk1.8.0_60\bin\java.exe
0x00007ffde57a0000 - 0x00007ffde5961000 	C:\WINDOWS\SYSTEM32\ntdll.dll
0x00007ffde54d0000 - 0x00007ffde557d000 	C:\WINDOWS\system32\KERNEL32.DLL
0x00007ffde1e50000 - 0x00007ffde2038000 	C:\WINDOWS\system32\KERNELBASE.dll
0x00007ffde2fa0000 - 0x00007ffde3047000 	C:\WINDOWS\system32\ADVAPI32.dll
0x00007ffde3050000 - 0x00007ffde30ed000 	C:\WINDOWS\system32\msvcrt.dll
0x00007ffde52b0000 - 0x00007ffde530b000 	C:\WINDOWS\system32\sechost.dll
0x00007ffde4e00000 - 0x00007ffde4f1c000 	C:\WINDOWS\system32\RPCRT4.dll
0x00007ffde5370000 - 0x00007ffde54c6000 	C:\WINDOWS\system32\USER32.dll
0x00007ffde35f0000 - 0x00007ffde3776000 	C:\WINDOWS\system32\GDI32.dll
0x00007ffddc6e0000 - 0x00007ffddc954000 	C:\WINDOWS\WinSxS\amd64_microsoft.windows.common-controls_6595b64144ccf1df_6.0.10586.0_none_8c15ae12515e1c22\COMCTL32.dll
0x00007ffde4f20000 - 0x00007ffde519d000 	C:\WINDOWS\system32\combase.dll
0x00007ffde24c0000 - 0x00007ffde252a000 	C:\WINDOWS\system32\bcryptPrimitives.dll
0x00007ffde51a0000 - 0x00007ffde51db000 	C:\WINDOWS\system32\IMM32.DLL
0x00000000748a0000 - 0x0000000074972000 	C:\Program Files\Java\jdk1.8.0_60\jre\bin\msvcr100.dll
0x0000000074c50000 - 0x00000000754d9000 	C:\Program Files\Java\jdk1.8.0_60\jre\bin\server\jvm.dll
0x00007ffde3890000 - 0x00007ffde3898000 	C:\WINDOWS\system32\PSAPI.DLL
0x00007ffdde4e0000 - 0x00007ffdde503000 	C:\WINDOWS\SYSTEM32\WINMM.dll
0x00007ffddc020000 - 0x00007ffddc02a000 	C:\WINDOWS\SYSTEM32\VERSION.dll
0x00007ffdd5340000 - 0x00007ffdd5349000 	C:\WINDOWS\SYSTEM32\WSOCK32.dll
0x00007ffde5580000 - 0x00007ffde55eb000 	C:\WINDOWS\system32\WS2_32.dll
0x00007ffdde380000 - 0x00007ffdde3ac000 	C:\WINDOWS\SYSTEM32\WINMMBASE.dll
0x00007ffde2040000 - 0x00007ffde2083000 	C:\WINDOWS\system32\cfgmgr32.dll
0x0000000077760000 - 0x000000007776f000 	C:\Program Files\Java\jdk1.8.0_60\jre\bin\verify.dll
0x00000000765c0000 - 0x00000000765e9000 	C:\Program Files\Java\jdk1.8.0_60\jre\bin\java.dll
0x0000000076900000 - 0x0000000076916000 	C:\Program Files\Java\jdk1.8.0_60\jre\bin\zip.dll
0x00007ffde38a0000 - 0x00007ffde4dfc000 	C:\WINDOWS\system32\SHELL32.dll
0x00007ffde2530000 - 0x00007ffde2b75000 	C:\WINDOWS\system32\windows.storage.dll
0x00007ffde3830000 - 0x00007ffde3882000 	C:\WINDOWS\system32\shlwapi.dll
0x00007ffde1e40000 - 0x00007ffde1e4f000 	C:\WINDOWS\system32\kernel.appcore.dll
0x00007ffde2400000 - 0x00007ffde24b5000 	C:\WINDOWS\system32\shcore.dll
0x00007ffde1dc0000 - 0x00007ffde1e0b000 	C:\WINDOWS\system32\powrprof.dll
0x00007ffde1e10000 - 0x00007ffde1e24000 	C:\WINDOWS\system32\profapi.dll

VM Arguments:
jvm_args: -Xmx1024M -Dfile.encoding=windows-1252 -Duser.country=IN -Duser.language=en -Duser.variant 
java_command: com.android.dx.command.Main --dex --num-threads=4 --output D:\AndroidStudioProjects\ExpandableListViewWithCheckbox\app\build\intermediates\pre-dexed\debug\classes-223e486a3574eb11c8c51d844fa0f2d5884681d9.jar D:\AndroidStudioProjects\ExpandableListViewWithCheckbox\app\build\intermediates\exploded-aar\com.android.support\appcompat-v7\23.1.1\jars\classes.jar
java_class_path (initial): C:\Users\dbhat\AppData\Local\Android\sdk\build-tools\23.0.2\lib\dx.jar
Launcher Type: SUN_STANDARD

Environment Variables:
JAVA_HOME=C:\Program Files\Java\jdk1.8.0_60
PATH=C:\ProgramData\Oracle\Java\javapath;C:\WINDOWS\system32;C:\WINDOWS;C:\WINDOWS\System32\Wbem;C:\WINDOWS\System32\WindowsPowerShell\v1.0\;C:\Program Files (x86)\Windows Phone TShell\;C:\Program Files\Microsoft SQL Server\120\Tools\Binn\;C:\Program Files (x86)\MySQL\MySQL Utilities\;C:\Program Files (x86)\MySQL\MySQL Utilities\Doctrine extensions for PHP\;C:\Program Files (x86)\Microsoft Emulator Manager\1.0\;C:\Users\dbhat\.dnx\bin;C:\Program Files\Microsoft DNX\Dnvm\
USERNAME=dbhat
OS=Windows_NT
PROCESSOR_IDENTIFIER=Intel64 Family 6 Model 30 Stepping 5, GenuineIntel



---------------  S Y S T E M  ---------------

OS: Windows 10.0 , 64 bit Build 10586 (10.0.10586.0)

CPU:total 8 (4 cores per cpu, 2 threads per core) family 6 model 30 stepping 5, cmov, cx8, fxsr, mmx, sse, sse2, sse3, ssse3, sse4.1, sse4.2, popcnt, ht, tsc, tscinvbit

Memory: 4k page, physical 16710948k(4899728k free), swap 64581408k(5468k free)

vm_info: Java HotSpot(TM) 64-Bit Server VM (25.60-b23) for windows-amd64 JRE (1.8.0_60-b27), built on Aug  4 2015 11:06:27 by "java_re" with MS VC++ 10.0 (VS2010)

time: Wed Mar 16 11:41:59 2016
elapsed time: 9 seconds (0d 0h 0m 9s)

