#
# There is insufficient memory for the Java Runtime Environment to continue.
# Native memory allocation (malloc) failed to allocate 1048576 bytes for AllocateHeap
# Possible reasons:
#   The system is out of physical RAM or swap space
#   In 32 bit mode, the process size limit was hit
# Possible solutions:
#   Reduce memory load on the system
#   Increase physical memory or swap space
#   Check if swap backing store is full
#   Use 64 bit Java on a 64 bit OS
#   Decrease Java heap size (-Xmx/-Xms)
#   Decrease number of Java threads
#   Decrease Java thread stack sizes (-Xss)
#   Set larger code cache with -XX:ReservedCodeCacheSize=
# This output file may be truncated or incomplete.
#
#  Out of Memory Error (memory/allocation.inline.hpp:61), pid=7104, tid=18084
#
# JRE version:  (8.0_60-b27) (build )
# Java VM: Java HotSpot(TM) 64-Bit Server VM (25.60-b23 mixed mode windows-amd64 compressed oops)
# Failed to write core dump. Minidumps are not enabled by default on client versions of Windows
#

---------------  T H R E A D  ---------------

Current thread (0x000000000207d800):  JavaThread "Unknown thread" [_thread_in_vm, id=18084, stack(0x0000000002230000,0x0000000002330000)]

Stack: [0x0000000002230000,0x0000000002330000]
[error occurred during error reporting (printing stack bounds), id 0xc0000005]

Native frames: (J=compiled Java code, j=interpreted, Vv=VM code, C=native code)


---------------  P R O C E S S  ---------------

Java Threads: ( => current thread )

Other Threads:

=>0x000000000207d800 (exited) JavaThread "Unknown thread" [_thread_in_vm, id=18084, stack(0x0000000002230000,0x0000000002330000)]

VM state:not at safepoint (normal execution)

VM Mutex/Monitor currently owned by a thread: None

Heap:
 PSYoungGen      total 76288K, used 1310K [0x00000000eab00000, 0x00000000f0000000, 0x0000000100000000)
  eden space 65536K, 2% used [0x00000000eab00000,0x00000000eac47af0,0x00000000eeb00000)
  from space 10752K, 0% used [0x00000000ef580000,0x00000000ef580000,0x00000000f0000000)
  to   space 10752K, 0% used [0x00000000eeb00000,0x00000000eeb00000,0x00000000ef580000)
 ParOldGen       total 175104K, used 0K [0x00000000c0000000, 0x00000000cab00000, 0x00000000eab00000)
  object space 175104K, 0% used [0x00000000c0000000,0x00000000c0000000,0x00000000cab00000)
 Metaspace       used 767K, capacity 4480K, committed 4480K, reserved 1056768K
  class space    used 75K, capacity 384K, committed 384K, reserved 1048576K

Card table byte_map: [0x00000000117f0000,0x0000000011a00000] byte_map_base: 0x00000000111f0000

Marking Bits: (ParMarkBitMap*) 0x000000007545a5b0
 Begin Bits: [0x0000000012360000, 0x0000000013360000)
 End Bits:   [0x0000000013360000, 0x0000000014360000)

Polling page: 0x0000000000830000

CodeCache: size=245760Kb used=327Kb max_used=327Kb free=245432Kb
 bounds [0x0000000002430000, 0x00000000026a0000, 0x0000000011430000]
 total_blobs=56 nmethods=0 adapters=37
 compilation: enabled

Compilation events (0 events):
No events

GC Heap History (0 events):
No events

Deoptimization events (0 events):
No events

Internal exceptions (0 events):
No events

Events (10 events):
Event: 0.025 loading class java/lang/Short
Event: 0.025 loading class java/lang/Short done
Event: 0.025 loading class java/lang/Integer
Event: 0.026 loading class java/lang/Integer done
Event: 0.026 loading class java/lang/Long
Event: 0.026 loading class java/lang/Long done
Event: 0.026 loading class java/lang/NullPointerException
Event: 0.026 loading class java/lang/NullPointerException done
Event: 0.026 loading class java/lang/ArithmeticException
Event: 0.026 loading class java/lang/ArithmeticException done


Dynamic libraries:
0x00007ff63d0c0000 - 0x00007ff63d0f7000 	C:\Program Files\Java\jdk1.8.0_60\bin\java.exe
0x00007ffde57a0000 - 0x00007ffde5961000 	C:\WINDOWS\SYSTEM32\ntdll.dll
0x00007ffde54d0000 - 0x00007ffde557d000 	C:\WINDOWS\system32\KERNEL32.DLL
0x00007ffde1e50000 - 0x00007ffde2038000 	C:\WINDOWS\system32\KERNELBASE.dll
0x00007ffde2fa0000 - 0x00007ffde3047000 	C:\WINDOWS\system32\ADVAPI32.dll
0x00007ffde3050000 - 0x00007ffde30ed000 	C:\WINDOWS\system32\msvcrt.dll
0x00007ffde52b0000 - 0x00007ffde530b000 	C:\WINDOWS\system32\sechost.dll
0x00007ffde4e00000 - 0x00007ffde4f1c000 	C:\WINDOWS\system32\RPCRT4.dll
0x00007ffde5370000 - 0x00007ffde54c6000 	C:\WINDOWS\system32\USER32.dll
0x00007ffde35f0000 - 0x00007ffde3776000 	C:\WINDOWS\system32\GDI32.dll
0x00007ffddc6e0000 - 0x00007ffddc954000 	C:\WINDOWS\WinSxS\amd64_microsoft.windows.common-controls_6595b64144ccf1df_6.0.10586.0_none_8c15ae12515e1c22\COMCTL32.dll
0x00007ffde4f20000 - 0x00007ffde519d000 	C:\WINDOWS\system32\combase.dll
0x00007ffde24c0000 - 0x00007ffde252a000 	C:\WINDOWS\system32\bcryptPrimitives.dll
0x00007ffde51a0000 - 0x00007ffde51db000 	C:\WINDOWS\system32\IMM32.DLL
0x00000000748a0000 - 0x0000000074972000 	C:\Program Files\Java\jdk1.8.0_60\jre\bin\msvcr100.dll
0x0000000074c50000 - 0x00000000754d9000 	C:\Program Files\Java\jdk1.8.0_60\jre\bin\server\jvm.dll
0x00007ffde3890000 - 0x00007ffde3898000 	C:\WINDOWS\system32\PSAPI.DLL
0x00007ffdde4e0000 - 0x00007ffdde503000 	C:\WINDOWS\SYSTEM32\WINMM.dll
0x00007ffdd5340000 - 0x00007ffdd5349000 	C:\WINDOWS\SYSTEM32\WSOCK32.dll
0x00007ffddc020000 - 0x00007ffddc02a000 	C:\WINDOWS\SYSTEM32\VERSION.dll
0x00007ffde5580000 - 0x00007ffde55eb000 	C:\WINDOWS\system32\WS2_32.dll
0x00007ffdde380000 - 0x00007ffdde3ac000 	C:\WINDOWS\SYSTEM32\WINMMBASE.dll
0x00007ffde2040000 - 0x00007ffde2083000 	C:\WINDOWS\system32\cfgmgr32.dll
0x0000000077760000 - 0x000000007776f000 	C:\Program Files\Java\jdk1.8.0_60\jre\bin\verify.dll
0x00000000765c0000 - 0x00000000765e9000 	C:\Program Files\Java\jdk1.8.0_60\jre\bin\java.dll
0x0000000076900000 - 0x0000000076916000 	C:\Program Files\Java\jdk1.8.0_60\jre\bin\zip.dll

VM Arguments:
jvm_args: -Xmx1024M -Dfile.encoding=windows-1252 -Duser.country=IN -Duser.language=en -Duser.variant 
java_command: com.android.dx.command.Main --dex --num-threads=4 --output D:\AndroidStudioProjects\ExpandableListViewWithCheckbox\app\build\intermediates\pre-dexed\debug\classes-223e486a3574eb11c8c51d844fa0f2d5884681d9.jar D:\AndroidStudioProjects\ExpandableListViewWithCheckbox\app\build\intermediates\exploded-aar\com.android.support\appcompat-v7\23.1.1\jars\classes.jar
java_class_path (initial): C:\Users\dbhat\AppData\Local\Android\sdk\build-tools\23.0.2\lib\dx.jar
Launcher Type: SUN_STANDARD

Environment Variables:
JAVA_HOME=C:\Program Files\Java\jdk1.8.0_60
PATH=C:\ProgramData\Oracle\Java\javapath;C:\WINDOWS\system32;C:\WINDOWS;C:\WINDOWS\System32\Wbem;C:\WINDOWS\System32\WindowsPowerShell\v1.0\;C:\Program Files (x86)\Windows Phone TShell\;C:\Program Files\Microsoft SQL Server\120\Tools\Binn\;C:\Program Files (x86)\MySQL\MySQL Utilities\;C:\Program Files (x86)\MySQL\MySQL Utilities\Doctrine extensions for PHP\;C:\Program Files (x86)\Microsoft Emulator Manager\1.0\;C:\Users\dbhat\.dnx\bin;C:\Program Files\Microsoft DNX\Dnvm\
USERNAME=dbhat
OS=Windows_NT
PROCESSOR_IDENTIFIER=Intel64 Family 6 Model 30 Stepping 5, GenuineIntel



---------------  S Y S T E M  ---------------

OS: Windows 10.0 , 64 bit Build 10586 (10.0.10586.0)

CPU:total 8 (4 cores per cpu, 2 threads per core) family 6 model 30 stepping 5, cmov, cx8, fxsr, mmx, sse, sse2, sse3, ssse3, sse4.1, sse4.2, popcnt, ht, tsc, tscinvbit

Memory: 4k page, physical 16710948k(5936964k free), swap 64581408k(5200k free)

vm_info: Java HotSpot(TM) 64-Bit Server VM (25.60-b23) for windows-amd64 JRE (1.8.0_60-b27), built on Aug  4 2015 11:06:27 by "java_re" with MS VC++ 10.0 (VS2010)

time: Tue Mar 15 18:45:11 2016
elapsed time: 0 seconds (0d 0h 0m 0s)

